[0mGET /hotel [36m304[0m 31.250 ms - -[0m
[0mGET /css/bootstrap.min.css [36m304[0m 6.422 ms - -[0m
[0mGET /css/styles.css [36m304[0m 1.057 ms - -[0m
[0mGET /js/bootstrap.min.js [36m304[0m 1.005 ms - -[0m
[0mGET /fonts/glyphicons-halflings-regular.woff [33m404[0m 2.639 ms - 178[0m
[0mGET /fonts/glyphicons-halflings-regular.ttf [33m404[0m 1.310 ms - 177[0m
[0mGET / [36m304[0m 5.239 ms - -[0m
[0mGET /css/bootstrap.min.css [36m304[0m 0.777 ms - -[0m
[0mGET /css/styles.css [36m304[0m 0.800 ms - -[0m
[0mGET /js/bootstrap.min.js [36m304[0m 1.061 ms - -[0m
[0mGET /js/bootstrap.min.js [36m304[0m 1.127 ms - -[0m
[0mGET /fonts/glyphicons-halflings-regular.woff [33m404[0m 3.757 ms - 178[0m
[0mGET /fonts/glyphicons-halflings-regular.ttf [33m404[0m 1.097 ms - 177[0m
[0mGET /hotel [36m304[0m 5.398 ms - -[0m
[0mGET /css/bootstrap.min.css [36m304[0m 0.859 ms - -[0m
[0mGET /css/styles.css [36m304[0m 0.738 ms - -[0m
[0mGET /js/bootstrap.min.js [36m304[0m 0.922 ms - -[0m
[0mGET /js/bootstrap.min.js [36m304[0m 0.908 ms - -[0m
[0mGET /fonts/glyphicons-halflings-regular.woff [33m404[0m 1.845 ms - 178[0m
[0mGET /fonts/glyphicons-halflings-regular.ttf [33m404[0m 1.046 ms - 177[0m
[0mGET / [36m304[0m 5.305 ms - -[0m
[0mGET /css/bootstrap.min.css [36m304[0m 1.430 ms - -[0m
[0mGET /css/styles.css [36m304[0m 1.152 ms - -[0m
[0mGET /js/bootstrap.min.js [36m304[0m 1.752 ms - -[0m
[0mGET /fonts/glyphicons-halflings-regular.woff [33m404[0m 1.109 ms - 178[0m
[0mGET /fonts/glyphicons-halflings-regular.ttf [33m404[0m 1.516 ms - 177[0m
[0mGET /city [36m304[0m 6.654 ms - -[0m
[0mGET /css/bootstrap.min.css [36m304[0m 0.774 ms - -[0m
[0mGET /css/styles.css [36m304[0m 0.829 ms - -[0m
[0mGET /js/bootstrap.min.js [36m304[0m 0.853 ms - -[0m
[0mGET /css/bootstrap.min.css [36m304[0m 1.482 ms - -[0m
[0mGET /css/styles.css [36m304[0m 0.928 ms - -[0m
[0mGET /js/bootstrap.min.js [36m304[0m 0.839 ms - -[0m
[0mGET /fonts/glyphicons-halflings-regular.woff [33m404[0m 1.773 ms - 178[0m
[0mGET /fonts/glyphicons-halflings-regular.ttf [33m404[0m 1.587 ms - 177[0m
[0mGET /city [31m500[0m 5.652 ms - 1996[0m
[0mGET /city [31m500[0m 3.422 ms - 1996[0m
[0mGET /city [31m500[0m 4.302 ms - 1996[0m
[0mGET /city [31m500[0m 3.880 ms - 1996[0m
[0mGET /city [31m500[0m 3.490 ms - 1996[0m
[0mGET /city [32m200[0m 2.865 ms - 5834[0m
[0mGET /css/bootstrap.min.css [36m304[0m 1.838 ms - -[0m
[0mGET /css/styles.css [36m304[0m 1.403 ms - -[0m
[0mGET /js/bootstrap.min.js [36m304[0m 0.824 ms - -[0m
[0mGET /fonts/glyphicons-halflings-regular.woff [33m404[0m 1.446 ms - 178[0m
[0mGET /fonts/glyphicons-halflings-regular.ttf [33m404[0m 0.741 ms - 177[0m
[0mGET /city [31m500[0m 3.392 ms - 1996[0m
[0mGET /city [31m500[0m 3.912 ms - 1996[0m
[0mGET / [36m304[0m 67.690 ms - -[0m
[0mGET /css/bootstrap.min.css [36m304[0m 3.012 ms - -[0m
[0mGET /css/styles.css [36m304[0m 0.910 ms - -[0m
[0mGET /js/bootstrap.min.js [36m304[0m 0.908 ms - -[0m
[0mGET /city [32m200[0m 16.256 ms - 10409[0m
[0mGET /css/bootstrap.min.css [36m304[0m 3.156 ms - -[0m
[0mGET /css/styles.css [36m304[0m 2.278 ms - -[0m
[0mGET /js/bootstrap.min.js [36m304[0m 1.117 ms - -[0m
[0mGET /fonts/glyphicons-halflings-regular.woff [33m404[0m 21.573 ms - 178[0m
[0mGET /fonts/glyphicons-halflings-regular.ttf [33m404[0m 4.220 ms - 177[0m
[0mGET / [36m304[0m 77.377 ms - -[0m
[0mGET /css/bootstrap.min.css [36m304[0m 3.522 ms - -[0m
[0mGET /css/styles.css [36m304[0m 3.120 ms - -[0m
[0mGET /js/bootstrap.min.js [36m304[0m 4.385 ms - -[0m
[0mGET /fonts/glyphicons-halflings-regular.woff [33m404[0m 2.373 ms - 178[0m
[0mGET /fonts/glyphicons-halflings-regular.ttf [33m404[0m 3.755 ms - 177[0m
[0mGET /favicon.ico [33m404[0m 0.769 ms - 150[0m
[0mGET /city [36m304[0m 26.825 ms - -[0m
[0mGET /css/bootstrap.min.css [36m304[0m 0.931 ms - -[0m
[0mGET /css/styles.css [36m304[0m 0.837 ms - -[0m
[0mGET /js/bootstrap.min.js [36m304[0m 0.826 ms - -[0m
[0mGET /css/bootstrap.min.css [36m304[0m 0.910 ms - -[0m
[0mGET /css/styles.css [36m304[0m 0.784 ms - -[0m
[0mGET /js/bootstrap.min.js [36m304[0m 0.926 ms - -[0m
[0mGET /fonts/glyphicons-halflings-regular.woff [33m404[0m 1.257 ms - 178[0m
[0mGET /fonts/glyphicons-halflings-regular.ttf [33m404[0m 2.089 ms - 177[0m
[0mGET /city [32m200[0m 2.676 ms - 10447[0m
[0mGET /css/bootstrap.min.css [36m304[0m 1.239 ms - -[0m
[0mGET /css/styles.css [36m304[0m 0.693 ms - -[0m
[0mGET /js/bootstrap.min.js [36m304[0m 1.326 ms - -[0m
[0mGET /fonts/glyphicons-halflings-regular.woff [33m404[0m 0.721 ms - 178[0m
[0mGET /fonts/glyphicons-halflings-regular.ttf [33m404[0m 0.733 ms - 177[0m
[0mGET /city [36m304[0m 3.487 ms - -[0m
[0mGET /css/bootstrap.min.css [36m304[0m 0.700 ms - -[0m
[0mGET /css/styles.css [36m304[0m 0.769 ms - -[0m
[0mGET /js/bootstrap.min.js [36m304[0m 1.066 ms - -[0m
[0mGET /fonts/glyphicons-halflings-regular.woff [33m404[0m 1.836 ms - 178[0m
[0mGET /fonts/glyphicons-halflings-regular.ttf [33m404[0m 0.853 ms - 177[0m
[0mGET /city [36m304[0m 4.311 ms - -[0m
[0mGET /css/bootstrap.min.css [36m304[0m 1.012 ms - -[0m
[0mGET /css/styles.css [36m304[0m 1.639 ms - -[0m
[0mGET /js/bootstrap.min.js [36m304[0m 0.836 ms - -[0m
[0mGET /fonts/glyphicons-halflings-regular.woff [33m404[0m 1.443 ms - 178[0m
[0mGET /fonts/glyphicons-halflings-regular.ttf [33m404[0m 0.895 ms - 177[0m
[0mGET /city [32m200[0m 3.402 ms - 10407[0m
[0mGET /css/bootstrap.min.css [36m304[0m 0.840 ms - -[0m
[0mGET /css/styles.css [36m304[0m 1.896 ms - -[0m
[0mGET /js/bootstrap.min.js [36m304[0m 1.037 ms - -[0m
[0mGET /fonts/glyphicons-halflings-regular.woff [33m404[0m 1.044 ms - 178[0m
[0mGET /fonts/glyphicons-halflings-regular.ttf [33m404[0m 0.906 ms - 177[0m
[0mGET /city [36m304[0m 4.210 ms - -[0m
[0mGET /css/bootstrap.min.css [36m304[0m 1.089 ms - -[0m
[0mGET /css/styles.css [36m304[0m 0.672 ms - -[0m
[0mGET /js/bootstrap.min.js [36m304[0m 0.867 ms - -[0m
[0mGET /fonts/glyphicons-halflings-regular.woff [33m404[0m 0.770 ms - 178[0m
[0mGET /fonts/glyphicons-halflings-regular.ttf [33m404[0m 0.825 ms - 177[0m
[0mGET /city [36m304[0m 2.866 ms - -[0m
[0mGET /css/bootstrap.min.css [36m304[0m 0.964 ms - -[0m
[0mGET /css/styles.css [36m304[0m 0.863 ms - -[0m
[0mGET /js/bootstrap.min.js [36m304[0m 0.749 ms - -[0m
[0mGET /fonts/glyphicons-halflings-regular.woff [33m404[0m 0.687 ms - 178[0m
[0mGET /fonts/glyphicons-halflings-regular.ttf [33m404[0m 0.867 ms - 177[0m
[0mGET /city [36m304[0m 3.589 ms - -[0m
[0mGET /css/bootstrap.min.css [36m304[0m 0.899 ms - -[0m
[0mGET /css/styles.css [36m304[0m 0.969 ms - -[0m
[0mGET /js/bootstrap.min.js [36m304[0m 0.725 ms - -[0m
[0mGET /css/bootstrap.min.css [36m304[0m 1.085 ms - -[0m
[0mGET /css/styles.css [36m304[0m 0.815 ms - -[0m
[0mGET /js/bootstrap.min.js [36m304[0m 4.380 ms - -[0m
[0mGET /fonts/glyphicons-halflings-regular.woff [33m404[0m 0.884 ms - 178[0m
[0mGET /fonts/glyphicons-halflings-regular.ttf [33m404[0m 0.733 ms - 177[0m
[0mGET /hotel [36m304[0m 5.253 ms - -[0m
[0mGET /css/bootstrap.min.css [36m304[0m 0.841 ms - -[0m
[0mGET /css/styles.css [36m304[0m 0.911 ms - -[0m
[0mGET /js/bootstrap.min.js [36m304[0m 1.039 ms - -[0m
[0mGET / [36m304[0m 11.161 ms - -[0m
[0mGET /css/bootstrap.min.css [36m304[0m 0.933 ms - -[0m
[0mGET /css/styles.css [36m304[0m 0.865 ms - -[0m
[0mGET /js/bootstrap.min.js [36m304[0m 0.734 ms - -[0m
[0mGET /js/bootstrap.min.js [36m304[0m 0.928 ms - -[0m
[0mGET /fonts/glyphicons-halflings-regular.woff [33m404[0m 1.668 ms - 178[0m
[0mGET /fonts/glyphicons-halflings-regular.ttf [33m404[0m 1.149 ms - 177[0m
[0mGET /css/bootstrap.min.css [36m304[0m 0.847 ms - -[0m
[0mGET /css/styles.css [36m304[0m 1.640 ms - -[0m
[0mGET /js/bootstrap.min.js [36m304[0m 1.145 ms - -[0m
[0mGET /fonts/glyphicons-halflings-regular.woff [33m404[0m 0.956 ms - 178[0m
[0mGET /fonts/glyphicons-halflings-regular.ttf [33m404[0m 1.024 ms - 177[0m
[0mGET /city [36m304[0m 2.839 ms - -[0m
[0mGET /css/bootstrap.min.css [36m304[0m 0.894 ms - -[0m
[0mGET /css/styles.css [36m304[0m 1.010 ms - -[0m
[0mGET /js/bootstrap.min.js [36m304[0m 2.158 ms - -[0m
[0mGET /fonts/glyphicons-halflings-regular.woff [33m404[0m 0.786 ms - 178[0m
[0mGET /fonts/glyphicons-halflings-regular.ttf [33m404[0m 0.677 ms - 177[0m
[0mGET /city [36m304[0m 4.078 ms - -[0m
[0mGET /css/bootstrap.min.css [36m304[0m 0.699 ms - -[0m
[0mGET /css/styles.css [36m304[0m 1.264 ms - -[0m
[0mGET /js/bootstrap.min.js [36m304[0m 0.838 ms - -[0m
[0mGET /fonts/glyphicons-halflings-regular.woff [33m404[0m 1.579 ms - 178[0m
[0mGET /fonts/glyphicons-halflings-regular.ttf [33m404[0m 1.069 ms - 177[0m
[0mGET / [36m304[0m 4.700 ms - -[0m
[0mGET /css/bootstrap.min.css [36m304[0m 1.473 ms - -[0m
[0mGET /css/styles.css [36m304[0m 0.914 ms - -[0m
[0mGET /js/bootstrap.min.js [36m304[0m 1.591 ms - -[0m
[0mGET /fonts/glyphicons-halflings-regular.woff [33m404[0m 1.101 ms - 178[0m
[0mGET /fonts/glyphicons-halflings-regular.ttf [33m404[0m 1.487 ms - 177[0m
[0mGET /city [36m304[0m 2.514 ms - -[0m
[0mGET /css/bootstrap.min.css [36m304[0m 2.273 ms - -[0m
[0mGET /css/styles.css [36m304[0m 0.879 ms - -[0m
[0mGET /js/bootstrap.min.js [36m304[0m 2.007 ms - -[0m
[0mGET /fonts/glyphicons-halflings-regular.woff [33m404[0m 0.691 ms - 178[0m
[0mGET /fonts/glyphicons-halflings-regular.ttf [33m404[0m 0.634 ms - 177[0m
[0mGET /city [36m304[0m 2.340 ms - -[0m
[0mGET /css/bootstrap.min.css [36m304[0m 4.167 ms - -[0m
[0mGET /css/styles.css [36m304[0m 2.840 ms - -[0m
[0mGET /js/bootstrap.min.js [36m304[0m 0.907 ms - -[0m
[0mGET /fonts/glyphicons-halflings-regular.woff [33m404[0m 1.708 ms - 178[0m
[0mGET /fonts/glyphicons-halflings-regular.ttf [33m404[0m 0.712 ms - 177[0m
[0mGET /city [36m304[0m 2.821 ms - -[0m
[0mGET /css/bootstrap.min.css [36m304[0m 0.741 ms - -[0m
[0mGET /css/styles.css [36m304[0m 0.881 ms - -[0m
[0mGET /js/bootstrap.min.js [36m304[0m 0.737 ms - -[0m
[0mGET /fonts/glyphicons-halflings-regular.woff [33m404[0m 2.125 ms - 178[0m
[0mGET /fonts/glyphicons-halflings-regular.ttf [33m404[0m 1.094 ms - 177[0m
[0mGET /city [36m304[0m 3.152 ms - -[0m
[0mGET /css/bootstrap.min.css [36m304[0m 2.194 ms - -[0m
[0mGET /css/styles.css [36m304[0m 0.872 ms - -[0m
[0mGET /js/bootstrap.min.js [36m304[0m 0.831 ms - -[0m
[0mGET /fonts/glyphicons-halflings-regular.woff [33m404[0m 0.750 ms - 178[0m
[0mGET /fonts/glyphicons-halflings-regular.ttf [33m404[0m 1.072 ms - 177[0m
[0mGET /city [36m304[0m 4.371 ms - -[0m
[0mGET /css/bootstrap.min.css [36m304[0m 0.925 ms - -[0m
[0mGET /css/styles.css [36m304[0m 0.857 ms - -[0m
[0mGET /js/bootstrap.min.js [36m304[0m 0.760 ms - -[0m
[0mGET /fonts/glyphicons-halflings-regular.woff [33m404[0m 1.145 ms - 178[0m
[0mGET /fonts/glyphicons-halflings-regular.ttf [33m404[0m 0.922 ms - 177[0m
[0mGET /city [36m304[0m 2.664 ms - -[0m
[0mGET /css/bootstrap.min.css [36m304[0m 0.749 ms - -[0m
[0mGET /css/styles.css [36m304[0m 1.048 ms - -[0m
[0mGET /js/bootstrap.min.js [36m304[0m 0.784 ms - -[0m
[0mGET /fonts/glyphicons-halflings-regular.woff [33m404[0m 1.256 ms - 178[0m
[0mGET /fonts/glyphicons-halflings-regular.ttf [33m404[0m 0.667 ms - 177[0m
[0mGET /city [36m304[0m 3.016 ms - -[0m
[0mGET /css/bootstrap.min.css [36m304[0m 0.857 ms - -[0m
[0mGET /css/styles.css [36m304[0m 0.872 ms - -[0m
[0mGET /js/bootstrap.min.js [36m304[0m 0.910 ms - -[0m
[0mGET /fonts/glyphicons-halflings-regular.woff [33m404[0m 1.457 ms - 178[0m
[0mGET /fonts/glyphicons-halflings-regular.ttf [33m404[0m 0.588 ms - 177[0m
[0mGET /city [36m304[0m 2.876 ms - -[0m
[0mGET /css/bootstrap.min.css [36m304[0m 0.687 ms - -[0m
[0mGET /css/styles.css [36m304[0m 0.803 ms - -[0m
[0mGET /js/bootstrap.min.js [36m304[0m 0.824 ms - -[0m
[0mGET /fonts/glyphicons-halflings-regular.woff [33m404[0m 1.618 ms - 178[0m
[0mGET /fonts/glyphicons-halflings-regular.ttf [33m404[0m 0.742 ms - 177[0m
[0mGET /city [36m304[0m 2.430 ms - -[0m
[0mGET /css/bootstrap.min.css [36m304[0m 0.745 ms - -[0m
[0mGET /css/styles.css [36m304[0m 1.610 ms - -[0m
[0mGET /js/bootstrap.min.js [36m304[0m 0.830 ms - -[0m
[0mGET /fonts/glyphicons-halflings-regular.woff [33m404[0m 0.907 ms - 178[0m
[0mGET /fonts/glyphicons-halflings-regular.ttf [33m404[0m 0.736 ms - 177[0m
[0mGET /city [36m304[0m 2.719 ms - -[0m
[0mGET /css/bootstrap.min.css [36m304[0m 0.999 ms - -[0m
[0mGET /css/styles.css [36m304[0m 0.784 ms - -[0m
[0mGET /js/bootstrap.min.js [36m304[0m 1.276 ms - -[0m
[0mGET /fonts/glyphicons-halflings-regular.woff [33m404[0m 0.935 ms - 178[0m
[0mGET /fonts/glyphicons-halflings-regular.ttf [33m404[0m 0.886 ms - 177[0m
[0mGET /city [36m304[0m 1.965 ms - -[0m
[0mGET /css/bootstrap.min.css [36m304[0m 0.953 ms - -[0m
[0mGET /css/styles.css [36m304[0m 0.895 ms - -[0m
[0mGET /js/bootstrap.min.js [36m304[0m 0.963 ms - -[0m
[0mGET /fonts/glyphicons-halflings-regular.woff [33m404[0m 1.649 ms - 178[0m
[0mGET /fonts/glyphicons-halflings-regular.ttf [33m404[0m 1.707 ms - 177[0m
[0mGET /city [36m304[0m 2.906 ms - -[0m
[0mGET /css/bootstrap.min.css [36m304[0m 1.127 ms - -[0m
[0mGET /css/styles.css [36m304[0m 1.395 ms - -[0m
[0mGET /js/bootstrap.min.js [36m304[0m 0.848 ms - -[0m
[0mGET /fonts/glyphicons-halflings-regular.woff [33m404[0m 2.033 ms - 178[0m
[0mGET /fonts/glyphicons-halflings-regular.ttf [33m404[0m 0.794 ms - 177[0m
[0mGET /city [36m304[0m 3.730 ms - -[0m
[0mGET /css/bootstrap.min.css [36m304[0m 2.147 ms - -[0m
[0mGET /css/styles.css [36m304[0m 0.891 ms - -[0m
[0mGET /js/bootstrap.min.js [36m304[0m 0.698 ms - -[0m
[0mGET /fonts/glyphicons-halflings-regular.woff [33m404[0m 1.076 ms - 178[0m
[0mGET /fonts/glyphicons-halflings-regular.ttf [33m404[0m 0.937 ms - 177[0m
[0mGET /city [36m304[0m 3.017 ms - -[0m
[0mGET /css/bootstrap.min.css [36m304[0m 1.012 ms - -[0m
[0mGET /css/styles.css [36m304[0m 0.732 ms - -[0m
[0mGET /js/bootstrap.min.js [36m304[0m 0.828 ms - -[0m
[0mGET /fonts/glyphicons-halflings-regular.woff [33m404[0m 2.087 ms - 178[0m
[0mGET /fonts/glyphicons-halflings-regular.ttf [33m404[0m 1.466 ms - 177[0m
[0mGET /city [36m304[0m 2.451 ms - -[0m
[0mGET /css/bootstrap.min.css [36m304[0m 0.838 ms - -[0m
[0mGET /css/styles.css [36m304[0m 1.244 ms - -[0m
[0mGET /js/bootstrap.min.js [36m304[0m 0.992 ms - -[0m
[0mGET /fonts/glyphicons-halflings-regular.woff [33m404[0m 1.703 ms - 178[0m
[0mGET /fonts/glyphicons-halflings-regular.ttf [33m404[0m 0.762 ms - 177[0m
[0mGET /city [36m304[0m 3.247 ms - -[0m
[0mGET /css/bootstrap.min.css [36m304[0m 1.029 ms - -[0m
[0mGET /css/styles.css [36m304[0m 1.062 ms - -[0m
[0mGET /js/bootstrap.min.js [36m304[0m 0.984 ms - -[0m
[0mGET /fonts/glyphicons-halflings-regular.woff [33m404[0m 1.864 ms - 178[0m
[0mGET /fonts/glyphicons-halflings-regular.ttf [33m404[0m 1.104 ms - 177[0m
[0mGET / [36m304[0m 3.455 ms - -[0m
[0mGET /css/bootstrap.min.css [36m304[0m 2.506 ms - -[0m
[0mGET /css/styles.css [36m304[0m 1.769 ms - -[0m
[0mGET /js/bootstrap.min.js [36m304[0m 0.889 ms - -[0m
[0mGET /fonts/glyphicons-halflings-regular.woff [33m404[0m 0.739 ms - 178[0m
[0mGET /fonts/glyphicons-halflings-regular.ttf [33m404[0m 0.920 ms - 177[0m
[0mGET /city [36m304[0m 2.889 ms - -[0m
[0mGET /css/bootstrap.min.css [36m304[0m 3.005 ms - -[0m
[0mGET /css/styles.css [36m304[0m 0.935 ms - -[0m
[0mGET /js/bootstrap.min.js [36m304[0m 0.884 ms - -[0m
[0mGET /fonts/glyphicons-halflings-regular.woff [33m404[0m 0.637 ms - 178[0m
[0mGET /fonts/glyphicons-halflings-regular.ttf [33m404[0m 0.886 ms - 177[0m
[0mGET /city [36m304[0m 2.755 ms - -[0m
[0mGET /css/bootstrap.min.css [36m304[0m 1.749 ms - -[0m
[0mGET /css/styles.css [36m304[0m 0.567 ms - -[0m
[0mGET /js/bootstrap.min.js [36m304[0m 0.906 ms - -[0m
[0mGET /fonts/glyphicons-halflings-regular.woff [33m404[0m 1.048 ms - 178[0m
[0mGET /fonts/glyphicons-halflings-regular.ttf [33m404[0m 0.814 ms - 177[0m
[0mGET /city [36m304[0m 2.469 ms - -[0m
[0mGET /css/bootstrap.min.css [36m304[0m 0.938 ms - -[0m
[0mGET /css/styles.css [36m304[0m 0.823 ms - -[0m
[0mGET /js/bootstrap.min.js [36m304[0m 1.247 ms - -[0m
[0mGET /fonts/glyphicons-halflings-regular.woff [33m404[0m 1.752 ms - 178[0m
[0mGET /fonts/glyphicons-halflings-regular.ttf [33m404[0m 0.752 ms - 177[0m
[0mGET /city [36m304[0m 2.719 ms - -[0m
[0mGET /css/bootstrap.min.css [36m304[0m 0.895 ms - -[0m
[0mGET /css/styles.css [36m304[0m 0.738 ms - -[0m
[0mGET /js/bootstrap.min.js [36m304[0m 0.763 ms - -[0m
[0mGET /fonts/glyphicons-halflings-regular.woff [33m404[0m 1.010 ms - 178[0m
[0mGET /fonts/glyphicons-halflings-regular.ttf [33m404[0m 0.748 ms - 177[0m
[0mGET /city [36m304[0m 2.686 ms - -[0m
[0mGET /css/bootstrap.min.css [36m304[0m 0.822 ms - -[0m
[0mGET /css/styles.css [36m304[0m 0.639 ms - -[0m
[0mGET /js/bootstrap.min.js [36m304[0m 0.842 ms - -[0m
[0mGET /fonts/glyphicons-halflings-regular.woff [33m404[0m 2.013 ms - 178[0m
[0mGET /fonts/glyphicons-halflings-regular.ttf [33m404[0m 0.612 ms - 177[0m
[0mGET /city [36m304[0m 2.307 ms - -[0m
[0mGET /css/bootstrap.min.css [36m304[0m 0.676 ms - -[0m
[0mGET /css/styles.css [36m304[0m 0.734 ms - -[0m
[0mGET /js/bootstrap.min.js [36m304[0m 0.646 ms - -[0m
[0mGET /fonts/glyphicons-halflings-regular.woff [33m404[0m 0.897 ms - 178[0m
[0mGET /fonts/glyphicons-halflings-regular.ttf [33m404[0m 1.055 ms - 177[0m
[0mGET / [36m304[0m 204.658 ms - -[0m
[0mGET /css/bootstrap.min.css [36m304[0m 4.228 ms - -[0m
[0mGET /css/styles.css [36m304[0m 3.953 ms - -[0m
[0mGET /js/bootstrap.min.js [36m304[0m 0.586 ms - -[0m
[0mGET /city [32m200[0m 16.006 ms - 10407[0m
[0mGET /fonts/glyphicons-halflings-regular.woff [33m404[0m 8.330 ms - 178[0m
[0mGET /fonts/glyphicons-halflings-regular.ttf [33m404[0m 0.936 ms - 177[0m
[0mGET / [36m304[0m 67.973 ms - -[0m
[0mGET /css/styles.css [32m200[0m 20.763 ms - 2512[0m
[0mGET /css/bootstrap.min.css [32m200[0m 21.261 ms - 109518[0m
[0mGET /js/bootstrap.min.js [32m200[0m 11.796 ms - 31819[0m
[0mGET /fonts/glyphicons-halflings-regular.woff [33m404[0m 2.878 ms - 178[0m
[0mGET /fonts/glyphicons-halflings-regular.ttf [33m404[0m 1.282 ms - 177[0m
[0mGET /favicon.ico [33m404[0m 1.493 ms - 150[0m
[0mGET /hotel [31m501[0m 48.432 ms - 22[0m
[0mGET /hotel [31m501[0m 4.677 ms - 22[0m
[0mGET /hotel [31m501[0m 3.859 ms - 22[0m
[0mGET /hotel [31m501[0m 32.332 ms - 22[0m
[0mGET /hotel [31m501[0m 3.102 ms - 22[0m
[0mGET /hotel [31m501[0m 2.536 ms - 22[0m
[0mGET /hotel [31m501[0m 3.172 ms - 22[0m
[0mGET /hotel [31m501[0m 4.549 ms - 22[0m
[0mGET /hotel [31m501[0m 4.419 ms - 22[0m
[0mGET /hotel [31m501[0m 3.249 ms - 22[0m
[0mGET /hotel [31m501[0m 2.727 ms - 22[0m
[0mGET / [32m200[0m 18.175 ms - 9523[0m
[0mGET /css/bootstrap.min.css [36m304[0m 5.254 ms - -[0m
[0mGET /css/styles.css [36m304[0m 0.816 ms - -[0m
[0mGET /js/bootstrap.min.js [36m304[0m 0.790 ms - -[0m
[0mGET /fonts/glyphicons-halflings-regular.woff [33m404[0m 3.210 ms - 178[0m
[0mGET /fonts/glyphicons-halflings-regular.ttf [33m404[0m 1.499 ms - 177[0m
[0mGET / [36m304[0m 32.169 ms - -[0m
[0mGET /css/bootstrap.min.css [36m304[0m 3.342 ms - -[0m
[0mGET /css/styles.css [36m304[0m 0.686 ms - -[0m
[0mGET /js/bootstrap.min.js [36m304[0m 0.898 ms - -[0m
[0mGET /fonts/glyphicons-halflings-regular.woff [33m404[0m 2.220 ms - 178[0m
[0mGET /fonts/glyphicons-halflings-regular.ttf [33m404[0m 1.083 ms - 177[0m
[0mGET / [36m304[0m 36.223 ms - -[0m
[0mGET /css/bootstrap.min.css [36m304[0m 6.431 ms - -[0m
[0mGET /css/styles.css [36m304[0m 0.721 ms - -[0m
[0mGET /js/bootstrap.min.js [36m304[0m 1.029 ms - -[0m
[0mGET /fonts/glyphicons-halflings-regular.woff [33m404[0m 3.732 ms - 178[0m
[0mGET /fonts/glyphicons-halflings-regular.ttf [33m404[0m 1.646 ms - 177[0m
[0mGET /city [36m304[0m 4.947 ms - -[0m
[0mGET /css/bootstrap.min.css [36m304[0m 0.868 ms - -[0m
[0mGET /css/styles.css [36m304[0m 1.011 ms - -[0m
[0mGET /js/bootstrap.min.js [36m304[0m 0.776 ms - -[0m
[0mGET /js/bootstrap.min.js [36m304[0m 1.614 ms - -[0m
[0mGET /fonts/glyphicons-halflings-regular.woff [33m404[0m 1.310 ms - 178[0m
[0mGET /fonts/glyphicons-halflings-regular.ttf [33m404[0m 0.797 ms - 177[0m
[0mGET /hotel [32m200[0m 93.693 ms - 19174[0m
[0mGET /css/bootstrap.min.css [36m304[0m 1.111 ms - -[0m
[0mGET /css/styles.css [36m304[0m 0.797 ms - -[0m
[0mGET /js/bootstrap.min.js [36m304[0m 0.849 ms - -[0m
[0mGET /js/bootstrap.min.js [36m304[0m 0.757 ms - -[0m
[0mGET /fonts/glyphicons-halflings-regular.woff [33m404[0m 1.036 ms - 178[0m
[0mGET /fonts/glyphicons-halflings-regular.ttf [33m404[0m 1.090 ms - 177[0m
[0mGET / [36m304[0m 4.118 ms - -[0m
[0mGET /css/bootstrap.min.css [36m304[0m 0.920 ms - -[0m
[0mGET /css/styles.css [36m304[0m 0.596 ms - -[0m
[0mGET /js/bootstrap.min.js [36m304[0m 0.822 ms - -[0m
[0mGET /fonts/glyphicons-halflings-regular.woff [33m404[0m 1.173 ms - 178[0m
[0mGET /fonts/glyphicons-halflings-regular.ttf [33m404[0m 1.017 ms - 177[0m
[0mGET / [36m304[0m 3.201 ms - -[0m
[0mGET /css/bootstrap.min.css [36m304[0m 2.390 ms - -[0m
[0mGET /css/styles.css [36m304[0m 0.981 ms - -[0m
[0mGET /js/bootstrap.min.js [36m304[0m 1.901 ms - -[0m
[0mGET /fonts/glyphicons-halflings-regular.woff [33m404[0m 1.046 ms - 178[0m
[0mGET /fonts/glyphicons-halflings-regular.ttf [33m404[0m 1.143 ms - 177[0m
[0mGET /hotel [36m304[0m 13.155 ms - -[0m
[0mGET /css/bootstrap.min.css [36m304[0m 0.705 ms - -[0m
[0mGET /css/styles.css [36m304[0m 1.525 ms - -[0m
[0mGET /js/bootstrap.min.js [36m304[0m 1.647 ms - -[0m
[0mGET /js/bootstrap.min.js [36m304[0m 1.080 ms - -[0m
[0mGET /fonts/glyphicons-halflings-regular.woff [33m404[0m 0.948 ms - 178[0m
[0mGET /fonts/glyphicons-halflings-regular.ttf [33m404[0m 1.026 ms - 177[0m
[0mGET / [36m304[0m 11.828 ms - -[0m
[0mGET /css/bootstrap.min.css [36m304[0m 1.010 ms - -[0m
[0mGET /css/styles.css [36m304[0m 0.742 ms - -[0m
[0mGET /js/bootstrap.min.js [36m304[0m 0.704 ms - -[0m
[0mGET /js/bootstrap.min.js [36m304[0m 1.071 ms - -[0m
[0mGET /fonts/glyphicons-halflings-regular.woff [33m404[0m 1.111 ms - 178[0m
[0mGET /fonts/glyphicons-halflings-regular.ttf [33m404[0m 0.854 ms - 177[0m
[0mGET /hotel [32m200[0m 12.997 ms - 19468[0m
[0mGET /css/bootstrap.min.css [36m304[0m 0.938 ms - -[0m
[0mGET /css/styles.css [36m304[0m 0.707 ms - -[0m
[0mGET /js/bootstrap.min.js [36m304[0m 0.703 ms - -[0m
[0mGET /js/bootstrap.min.js [36m304[0m 0.926 ms - -[0m
[0mGET /fonts/glyphicons-halflings-regular.woff [33m404[0m 0.925 ms - 178[0m
[0mGET /fonts/glyphicons-halflings-regular.ttf [33m404[0m 1.003 ms - 177[0m
[0mGET /hotel/details/6360 [33m404[0m 1.713 ms - 157[0m
[0mGET /hotel/details/307406 [33m404[0m 1.794 ms - 159[0m
[0mGET /hotel [36m304[0m 30.061 ms - -[0m
[0mGET /css/bootstrap.min.css [36m304[0m 0.976 ms - -[0m
[0mGET /css/styles.css [36m304[0m 0.647 ms - -[0m
[0mGET /js/bootstrap.min.js [36m304[0m 0.945 ms - -[0m
[0mGET /fonts/glyphicons-halflings-regular.woff [33m404[0m 0.828 ms - 178[0m
[0mGET /fonts/glyphicons-halflings-regular.ttf [33m404[0m 0.810 ms - 177[0m
[0mGET /hotel/details/6360 [33m404[0m 1.154 ms - 157[0m
[0mGET /hotel/details/6360 [33m404[0m 0.838 ms - 157[0m
[0mGET /hotel/details/6360 [33m404[0m 1.111 ms - 157[0m
[0mGET / [36m304[0m 38.410 ms - -[0m
[0mGET /css/bootstrap.min.css [36m304[0m 3.211 ms - -[0m
[0mGET /css/styles.css [36m304[0m 1.517 ms - -[0m
[0mGET /js/bootstrap.min.js [36m304[0m 0.837 ms - -[0m
[0mGET /fonts/glyphicons-halflings-regular.woff [33m404[0m 2.089 ms - 178[0m
[0mGET /fonts/glyphicons-halflings-regular.ttf [33m404[0m 1.093 ms - 177[0m
[0mGET /hotel [36m304[0m 78.342 ms - -[0m
[0mGET /css/bootstrap.min.css [36m304[0m 1.300 ms - -[0m
[0mGET /css/styles.css [36m304[0m 0.730 ms - -[0m
[0mGET /js/bootstrap.min.js [36m304[0m 1.038 ms - -[0m
[0mGET /fonts/glyphicons-halflings-regular.woff [33m404[0m 1.012 ms - 178[0m
[0mGET /fonts/glyphicons-halflings-regular.ttf [33m404[0m 1.113 ms - 177[0m
[0mGET /hotel/details/6360 [33m404[0m 1.464 ms - 157[0m
[0mGET / [36m304[0m 34.396 ms - -[0m
[0mGET /css/styles.css [36m304[0m 5.295 ms - -[0m
[0mGET /css/bootstrap.min.css [36m304[0m 1.332 ms - -[0m
[0mGET /js/bootstrap.min.js [36m304[0m 1.061 ms - -[0m
[0mGET /fonts/glyphicons-halflings-regular.woff [33m404[0m 2.675 ms - 178[0m
[0mGET /fonts/glyphicons-halflings-regular.ttf [33m404[0m 1.360 ms - 177[0m
[0mGET /favicon.ico [33m404[0m 1.004 ms - 150[0m
[0mGET / [36m304[0m 5.146 ms - -[0m
[0mGET /css/bootstrap.min.css [36m304[0m 0.869 ms - -[0m
[0mGET /css/styles.css [36m304[0m 1.377 ms - -[0m
[0mGET /js/bootstrap.min.js [36m304[0m 0.803 ms - -[0m
[0mGET /fonts/glyphicons-halflings-regular.woff [33m404[0m 1.876 ms - 178[0m
[0mGET /fonts/glyphicons-halflings-regular.ttf [33m404[0m 1.113 ms - 177[0m
[0mGET / [36m304[0m 4.257 ms - -[0m
[0mGET /css/bootstrap.min.css [36m304[0m 0.915 ms - -[0m
[0mGET /css/styles.css [36m304[0m 1.192 ms - -[0m
[0mGET /js/bootstrap.min.js [36m304[0m 1.103 ms - -[0m
[0mGET /fonts/glyphicons-halflings-regular.woff [33m404[0m 1.016 ms - 178[0m
[0mGET /fonts/glyphicons-halflings-regular.ttf [33m404[0m 1.057 ms - 177[0m
[0mGET /hotel [36m304[0m 83.965 ms - -[0m
[0mGET /css/bootstrap.min.css [36m304[0m 0.755 ms - -[0m
[0mGET /css/styles.css [36m304[0m 1.077 ms - -[0m
[0mGET /js/bootstrap.min.js [36m304[0m 0.811 ms - -[0m
[0mGET /css/bootstrap.min.css [36m304[0m 1.036 ms - -[0m
[0mGET /css/styles.css [36m304[0m 1.428 ms - -[0m
[0mGET /js/bootstrap.min.js [36m304[0m 0.840 ms - -[0m
[0mGET /fonts/glyphicons-halflings-regular.woff [33m404[0m 0.671 ms - 178[0m
[0mGET /fonts/glyphicons-halflings-regular.ttf [33m404[0m 1.520 ms - 177[0m
[0mGET /hotel/details/2008 [33m404[0m 1.077 ms - 157[0m
[0mGET /hotel/details/18453961 [33m404[0m 1.784 ms - 161[0m
[0mGET /hotel/details/18453961 [33m404[0m 0.899 ms - 161[0m
[0mGET /hotel [36m304[0m 124.302 ms - -[0m
[0mGET /css/bootstrap.min.css [36m304[0m 2.639 ms - -[0m
[0mGET /css/styles.css [36m304[0m 1.143 ms - -[0m
[0mGET /js/bootstrap.min.js [36m304[0m 1.121 ms - -[0m
[0mGET /fonts/glyphicons-halflings-regular.woff [33m404[0m 3.096 ms - 178[0m
[0mGET /fonts/glyphicons-halflings-regular.ttf [33m404[0m 1.446 ms - 177[0m
[0mGET /hotel/details/6360 [31m500[0m 11.181 ms - 1906[0m
[0mGET /hotel/details/6360 [31m500[0m 11.113 ms - 1906[0m
[0mGET /hotel/details/6360 [31m500[0m 9.076 ms - 1906[0m
[0mGET /hotel/details/6360 [31m500[0m 7.164 ms - 1906[0m
[0mGET /hotel [36m304[0m 146.639 ms - -[0m
[0mGET /css/bootstrap.min.css [36m304[0m 3.582 ms - -[0m
[0mGET /css/styles.css [36m304[0m 0.799 ms - -[0m
[0mGET /js/bootstrap.min.js [36m304[0m 0.824 ms - -[0m
[0mGET /fonts/glyphicons-halflings-regular.woff [33m404[0m 2.800 ms - 178[0m
[0mGET /fonts/glyphicons-halflings-regular.ttf [33m404[0m 1.374 ms - 177[0m
[0mGET /hotel/details/6360 [31m500[0m 11.726 ms - 2283[0m
[0mGET /hotel/details/6360 [31m500[0m 11.368 ms - 2276[0m
[0mGET /hotel/details/6360 [31m500[0m 10.189 ms - 2276[0m
[0mGET /hotel/details/6360 [31m500[0m 7.865 ms - 2276[0m
[0mGET /hotel/details/6360 [31m500[0m 8.002 ms - 2276[0m
[0mGET /hotel/details/6360 [31m500[0m 7.545 ms - 2276[0m
[0mGET /hotel/details/6360 [31m500[0m 7.370 ms - 2276[0m
[0mGET /hotel [36m304[0m 130.939 ms - -[0m
[0mGET /css/bootstrap.min.css [36m304[0m 3.521 ms - -[0m
[0mGET /css/styles.css [36m304[0m 1.126 ms - -[0m
[0mGET /js/bootstrap.min.js [36m304[0m 0.958 ms - -[0m
[0mGET /fonts/glyphicons-halflings-regular.woff [33m404[0m 4.327 ms - 178[0m
[0mGET /fonts/glyphicons-halflings-regular.ttf [33m404[0m 1.257 ms - 177[0m
[0mGET /hotel/details/6360 [31m500[0m 12.551 ms - 2276[0m
[0mGET /hotel/details/6360 [31m500[0m 12.829 ms - 2227[0m
[0mGET /hotel/details/6360 [31m500[0m 10.392 ms - 2227[0m
[0mGET /hotel/details/6360 [32m200[0m 7.717 ms - 5854[0m
[0mGET /hotel/details/css/bootstrap.min.css [33m404[0m 0.770 ms - 174[0m
[0mGET /hotel/details/css/styles.css [33m404[0m 1.365 ms - 167[0m
[0mGET /hotel/details/js/bootstrap.min.js [33m404[0m 1.352 ms - 172[0m
[0mGET /hotel/details/js/bootstrap.min.js [33m404[0m 0.840 ms - 172[0m
[0mGET /hotel/details/6360 [36m304[0m 6.699 ms - -[0m
[0mGET /hotel/details/css/bootstrap.min.css [33m404[0m 2.366 ms - 174[0m
[0mGET /hotel/details/css/styles.css [33m404[0m 1.620 ms - 167[0m
[0mGET /hotel/details/js/bootstrap.min.js [33m404[0m 2.225 ms - 172[0m
[0mGET /hotel/details/js/bootstrap.min.js [33m404[0m 2.077 ms - 172[0m
[0mGET /hotel/details/6360 [36m304[0m 34.852 ms - -[0m
[0mGET /hotel/details/css/bootstrap.min.css [33m404[0m 1.752 ms - 174[0m
[0mGET /hotel/details/css/styles.css [33m404[0m 2.867 ms - 167[0m
[0mGET /hotel/details/js/bootstrap.min.js [33m404[0m 3.668 ms - 172[0m
[0mGET /hotel/details/js/bootstrap.min.js [33m404[0m 0.782 ms - 172[0m
[0mGET /hotel/details/6360 [36m304[0m 43.650 ms - -[0m
[0mGET /hotel/details/css/bootstrap.min.css [33m404[0m 4.684 ms - 174[0m
[0mGET /hotel/details/css/styles.css [33m404[0m 6.185 ms - 167[0m
[0mGET /hotel/details/js/bootstrap.min.js [33m404[0m 10.189 ms - 172[0m
[0mGET /hotel/details/6360 [36m304[0m 10.469 ms - -[0m
[0mGET /hotel/details/css/bootstrap.min.css [33m404[0m 1.219 ms - 174[0m
[0mGET /hotel/details/css/styles.css [33m404[0m 4.401 ms - 167[0m
[0mGET /hotel/details/js/bootstrap.min.js [33m404[0m 4.672 ms - 172[0m
[0mGET /hotel/details/js/bootstrap.min.js [33m404[0m 1.154 ms - 172[0m
[0mGET /hotel/details/6360 [36m304[0m 7.910 ms - -[0m
[0mGET /hotel/details/css/bootstrap.min.css [33m404[0m 1.429 ms - 174[0m
[0mGET /hotel/details/css/styles.css [33m404[0m 1.987 ms - 167[0m
[0mGET /hotel/details/js/bootstrap.min.js [33m404[0m 1.703 ms - 172[0m
[0mGET /hotel/details/js/bootstrap.min.js [33m404[0m 1.329 ms - 172[0m
[0mGET /hotel/details/6360 [36m304[0m 5.297 ms - -[0m
[0mGET /hotel/details/css/bootstrap.min.css [33m404[0m 1.227 ms - 174[0m
[0mGET /hotel/details/css/styles.css [33m404[0m 2.899 ms - 167[0m
[0mGET /hotel/details/js/bootstrap.min.js [33m404[0m 1.335 ms - 172[0m
[0mGET /hotel/details/js/bootstrap.min.js [33m404[0m 0.749 ms - 172[0m
[0mGET /hotel/details/6360 [36m304[0m 6.176 ms - -[0m
[0mGET /hotel/details/css/bootstrap.min.css [33m404[0m 2.734 ms - 174[0m
[0mGET /hotel/details/css/styles.css [33m404[0m 1.664 ms - 167[0m
[0mGET /hotel/details/js/bootstrap.min.js [33m404[0m 0.950 ms - 172[0m
[0mGET /hotel/details/js/bootstrap.min.js [33m404[0m 0.892 ms - 172[0m
[0mGET /hotel/details/6360 [36m304[0m 7.467 ms - -[0m
[0mGET /hotel/details/css/bootstrap.min.css [33m404[0m 1.258 ms - 174[0m
[0mGET /hotel/details/css/styles.css [33m404[0m 1.606 ms - 167[0m
[0mGET /hotel/details/js/bootstrap.min.js [33m404[0m 2.243 ms - 172[0m
[0mGET /hotel/details/js/bootstrap.min.js [33m404[0m 0.939 ms - 172[0m
[0mGET /hotel/details/6360 [36m304[0m 6.526 ms - -[0m
[0mGET /hotel/details/css/bootstrap.min.css [33m404[0m 1.230 ms - 174[0m
[0mGET /hotel/details/js/bootstrap.min.js [33m404[0m 2.479 ms - 172[0m
[0mGET /hotel/details/css/styles.css [33m404[0m 2.189 ms - 167[0m
[0mGET /hotel/details/js/bootstrap.min.js [33m404[0m 0.779 ms - 172[0m
[0mGET /hotel/details/6360 [36m304[0m 7.241 ms - -[0m
[0mGET /hotel/details/css/bootstrap.min.css [33m404[0m 3.354 ms - 174[0m
[0mGET /hotel/details/css/styles.css [33m404[0m 1.322 ms - 167[0m
[0mGET /hotel/details/js/bootstrap.min.js [33m404[0m 0.765 ms - 172[0m
[0mGET /hotel/details/js/bootstrap.min.js [33m404[0m 0.851 ms - 172[0m
[0mGET /hotel/details/6360 [36m304[0m 5.828 ms - -[0m
[0mGET /hotel/details/css/bootstrap.min.css [33m404[0m 1.124 ms - 174[0m
[0mGET /hotel/details/css/styles.css [33m404[0m 3.551 ms - 167[0m
[0mGET /hotel/details/js/bootstrap.min.js [33m404[0m 1.291 ms - 172[0m
[0mGET /hotel/details/js/bootstrap.min.js [33m404[0m 0.875 ms - 172[0m
[0mGET /hotel/details/6360 [36m304[0m 6.044 ms - -[0m
[0mGET /hotel/details/css/bootstrap.min.css [33m404[0m 1.306 ms - 174[0m
[0mGET /hotel/details/css/styles.css [33m404[0m 2.233 ms - 167[0m
[0mGET /hotel/details/js/bootstrap.min.js [33m404[0m 1.530 ms - 172[0m
[0mGET /hotel/details/js/bootstrap.min.js [33m404[0m 0.813 ms - 172[0m
[0mGET / [36m304[0m 5.647 ms - -[0m
[0mGET /css/bootstrap.min.css [36m304[0m 1.504 ms - -[0m
[0mGET /css/styles.css [36m304[0m 0.880 ms - -[0m
[0mGET /js/bootstrap.min.js [36m304[0m 0.758 ms - -[0m
[0mGET /fonts/glyphicons-halflings-regular.woff [33m404[0m 0.715 ms - 178[0m
[0mGET /fonts/glyphicons-halflings-regular.ttf [33m404[0m 0.813 ms - 177[0m
[0mGET /hotel [36m304[0m 13.479 ms - -[0m
[0mGET /css/bootstrap.min.css [36m304[0m 0.741 ms - -[0m
[0mGET /css/styles.css [36m304[0m 0.769 ms - -[0m
[0mGET /js/bootstrap.min.js [36m304[0m 1.019 ms - -[0m
[0mGET /fonts/glyphicons-halflings-regular.woff [33m404[0m 0.852 ms - 178[0m
[0mGET /fonts/glyphicons-halflings-regular.ttf [33m404[0m 1.006 ms - 177[0m
[0mGET /hotel/details/307406 [32m200[0m 6.218 ms - 5854[0m
[0mGET /hotel/details/css/bootstrap.min.css [33m404[0m 1.868 ms - 174[0m
[0mGET /hotel/details/css/styles.css [33m404[0m 1.819 ms - 167[0m
[0mGET /hotel/details/js/bootstrap.min.js [33m404[0m 2.823 ms - 172[0m
[0mGET /hotel/details/js/bootstrap.min.js [33m404[0m 0.725 ms - 172[0m
[0mGET /hotel/details/307406 [36m304[0m 6.310 ms - -[0m
[0mGET /hotel/details/css/bootstrap.min.css [33m404[0m 1.003 ms - 174[0m
[0mGET /hotel/details/css/styles.css [33m404[0m 1.169 ms - 167[0m
[0mGET /hotel/details/js/bootstrap.min.js [33m404[0m 1.209 ms - 172[0m
[0mGET /hotel/details/js/bootstrap.min.js [33m404[0m 0.794 ms - 172[0m
[0mGET /hotel/details/307406 [36m304[0m 5.576 ms - -[0m
[0mGET /hotel/details/css/bootstrap.min.css [33m404[0m 0.873 ms - 174[0m
[0mGET /hotel/details/css/styles.css [33m404[0m 1.565 ms - 167[0m
[0mGET /hotel/details/js/bootstrap.min.js [33m404[0m 1.958 ms - 172[0m
[0mGET /hotel/details/js/bootstrap.min.js [33m404[0m 0.944 ms - 172[0m
[0mGET /hotel/details/307406 [36m304[0m 6.168 ms - -[0m
[0mGET /hotel/details/css/bootstrap.min.css [33m404[0m 1.013 ms - 174[0m
[0mGET /hotel/details/css/styles.css [33m404[0m 1.080 ms - 167[0m
[0mGET /hotel/details/js/bootstrap.min.js [33m404[0m 2.543 ms - 172[0m
[0mGET /hotel/details/js/bootstrap.min.js [33m404[0m 1.112 ms - 172[0m
[0mGET /hotel/details/307406 [36m304[0m 5.485 ms - -[0m
[0mGET /hotel/details/css/bootstrap.min.css [33m404[0m 1.629 ms - 174[0m
[0mGET /hotel/details/js/bootstrap.min.js [33m404[0m 1.637 ms - 172[0m
[0mGET /hotel/details/css/styles.css [33m404[0m 1.973 ms - 167[0m
[0mGET /hotel/details/js/bootstrap.min.js [33m404[0m 0.924 ms - 172[0m
[0mGET /hotel/details/307406 [36m304[0m 6.637 ms - -[0m
[0mGET /hotel/details/css/bootstrap.min.css [33m404[0m 1.642 ms - 174[0m
[0mGET /hotel/details/css/styles.css [33m404[0m 1.619 ms - 167[0m
[0mGET /hotel/details/js/bootstrap.min.js [33m404[0m 4.885 ms - 172[0m
[0mGET /hotel/details/js/bootstrap.min.js [33m404[0m 1.421 ms - 172[0m
[0mGET /hotel/details/307406 [36m304[0m 4.969 ms - -[0m
[0mGET /hotel/details/css/bootstrap.min.css [33m404[0m 1.203 ms - 174[0m
[0mGET /hotel/details/css/styles.css [33m404[0m 2.013 ms - 167[0m
[0mGET /hotel/details/js/bootstrap.min.js [33m404[0m 1.262 ms - 172[0m
[0mGET /hotel/details/js/bootstrap.min.js [33m404[0m 0.704 ms - 172[0m
[0mGET /hotel/details/307406 [36m304[0m 5.734 ms - -[0m
[0mGET /hotel/details/css/bootstrap.min.css [33m404[0m 1.122 ms - 174[0m
[0mGET /hotel/details/css/styles.css [33m404[0m 1.404 ms - 167[0m
[0mGET /hotel/details/js/bootstrap.min.js [33m404[0m 2.067 ms - 172[0m
[0mGET /hotel/details/js/bootstrap.min.js [33m404[0m 0.732 ms - 172[0m
[0mGET /hotel/details/307406 [36m304[0m 6.256 ms - -[0m
[0mGET /hotel/details/css/bootstrap.min.css [33m404[0m 0.798 ms - 174[0m
[0mGET /hotel/details/css/styles.css [33m404[0m 2.619 ms - 167[0m
[0mGET /hotel/details/js/bootstrap.min.js [33m404[0m 1.870 ms - 172[0m
[0mGET /hotel/details/js/bootstrap.min.js [33m404[0m 1.015 ms - 172[0m
[0mGET /hotel/details/307406 [36m304[0m 5.602 ms - -[0m
[0mGET /hotel/details/css/bootstrap.min.css [33m404[0m 1.313 ms - 174[0m
[0mGET /hotel/details/css/styles.css [33m404[0m 1.182 ms - 167[0m
[0mGET /hotel/details/js/bootstrap.min.js [33m404[0m 1.735 ms - 172[0m
[0mGET /hotel/details/js/bootstrap.min.js [33m404[0m 0.685 ms - 172[0m
[0mGET /hotel/details/307406 [36m304[0m 6.288 ms - -[0m
[0mGET /hotel/details/css/bootstrap.min.css [33m404[0m 0.769 ms - 174[0m
[0mGET /hotel/details/css/styles.css [33m404[0m 1.566 ms - 167[0m
[0mGET /hotel/details/js/bootstrap.min.js [33m404[0m 1.921 ms - 172[0m
[0mGET /hotel/details/js/bootstrap.min.js [33m404[0m 0.694 ms - 172[0m
[0mGET /hotel/details/307406 [32m200[0m 6.801 ms - 5855[0m
[0mGET /css/bootstrap.min.css [36m304[0m 0.677 ms - -[0m
[0mGET /hotel/details/css/styles.css [33m404[0m 0.835 ms - 167[0m
[0mGET /hotel/details/js/bootstrap.min.js [33m404[0m 0.854 ms - 172[0m
[0mGET /hotel/details/js/bootstrap.min.js [33m404[0m 0.619 ms - 172[0m
[0mGET /fonts/glyphicons-halflings-regular.woff [33m404[0m 1.530 ms - 178[0m
[0mGET /fonts/glyphicons-halflings-regular.ttf [33m404[0m 0.688 ms - 177[0m
[0mGET /hotel/details/307406 [36m304[0m 9.005 ms - -[0m
[0mGET /css/bootstrap.min.css [36m304[0m 1.382 ms - -[0m
[0mGET /hotel/details/css/styles.css [33m404[0m 3.259 ms - 167[0m
[0mGET /hotel/details/js/bootstrap.min.js [33m404[0m 3.818 ms - 172[0m
[0mGET /hotel/details/js/bootstrap.min.js [33m404[0m 0.596 ms - 172[0m
[0mGET /fonts/glyphicons-halflings-regular.woff [33m404[0m 1.281 ms - 178[0m
[0mGET /fonts/glyphicons-halflings-regular.ttf [33m404[0m 1.230 ms - 177[0m
[0mGET /hotel/details/307406 [36m304[0m 6.226 ms - -[0m
[0mGET /css/bootstrap.min.css [36m304[0m 0.727 ms - -[0m
[0mGET /hotel/details/css/styles.css [33m404[0m 2.027 ms - 167[0m
[0mGET /hotel/details/js/bootstrap.min.js [33m404[0m 2.060 ms - 172[0m
[0mGET /hotel/details/js/bootstrap.min.js [33m404[0m 0.683 ms - 172[0m
[0mGET /fonts/glyphicons-halflings-regular.woff [33m404[0m 1.196 ms - 178[0m
[0mGET /fonts/glyphicons-halflings-regular.ttf [33m404[0m 0.602 ms - 177[0m
[0mGET /hotel/details/307406 [36m304[0m 5.234 ms - -[0m
[0mGET /css/bootstrap.min.css [36m304[0m 1.316 ms - -[0m
[0mGET /hotel/details/css/styles.css [33m404[0m 1.482 ms - 167[0m
[0mGET /hotel/details/js/bootstrap.min.js [33m404[0m 1.603 ms - 172[0m
[0mGET /hotel/details/js/bootstrap.min.js [33m404[0m 1.556 ms - 172[0m
[0mGET /fonts/glyphicons-halflings-regular.woff [33m404[0m 2.231 ms - 178[0m
[0mGET /fonts/glyphicons-halflings-regular.ttf [33m404[0m 1.078 ms - 177[0m
[0mGET /hotel/details/307406 [36m304[0m 5.541 ms - -[0m
[0mGET /css/bootstrap.min.css [36m304[0m 2.065 ms - -[0m
[0mGET /hotel/details/css/styles.css [33m404[0m 1.319 ms - 167[0m
[0mGET /hotel/details/js/bootstrap.min.js [33m404[0m 0.915 ms - 172[0m
[0mGET /hotel/details/js/bootstrap.min.js [33m404[0m 0.834 ms - 172[0m
[0mGET /fonts/glyphicons-halflings-regular.woff [33m404[0m 2.889 ms - 178[0m
[0mGET /fonts/glyphicons-halflings-regular.ttf [33m404[0m 0.979 ms - 177[0m
[0mGET /hotel/details/307406 [36m304[0m 7.157 ms - -[0m
[0mGET /css/bootstrap.min.css [36m304[0m 0.786 ms - -[0m
[0mGET /hotel/details/css/styles.css [33m404[0m 1.483 ms - 167[0m
[0mGET /hotel/details/js/bootstrap.min.js [33m404[0m 1.656 ms - 172[0m
[0mGET /hotel/details/js/bootstrap.min.js [33m404[0m 1.474 ms - 172[0m
[0mGET /fonts/glyphicons-halflings-regular.woff [33m404[0m 1.170 ms - 178[0m
[0mGET /fonts/glyphicons-halflings-regular.ttf [33m404[0m 1.298 ms - 177[0m
[0mGET /hotel/details/307406 [36m304[0m 5.861 ms - -[0m
[0mGET /css/bootstrap.min.css [36m304[0m 1.668 ms - -[0m
[0mGET /hotel/details/css/styles.css [33m404[0m 7.743 ms - 167[0m
[0mGET /hotel/details/js/bootstrap.min.js [33m404[0m 10.531 ms - 172[0m
[0mGET /hotel/details/js/bootstrap.min.js [33m404[0m 0.777 ms - 172[0m
[0mGET /fonts/glyphicons-halflings-regular.woff [33m404[0m 3.968 ms - 178[0m
[0mGET /fonts/glyphicons-halflings-regular.ttf [33m404[0m 1.172 ms - 177[0m
[0mGET /hotel/details/307406 [36m304[0m 5.608 ms - -[0m
[0mGET /css/bootstrap.min.css [36m304[0m 0.560 ms - -[0m
[0mGET /hotel/details/css/styles.css [33m404[0m 1.357 ms - 167[0m
[0mGET /hotel/details/js/bootstrap.min.js [33m404[0m 1.753 ms - 172[0m
[0mGET /hotel/details/js/bootstrap.min.js [33m404[0m 0.657 ms - 172[0m
[0mGET /fonts/glyphicons-halflings-regular.woff [33m404[0m 0.891 ms - 178[0m
[0mGET /fonts/glyphicons-halflings-regular.ttf [33m404[0m 0.673 ms - 177[0m
[0mGET /hotel/details/307406 [36m304[0m 6.210 ms - -[0m
[0mGET /css/bootstrap.min.css [36m304[0m 0.915 ms - -[0m
[0mGET /hotel/details/css/styles.css [33m404[0m 1.401 ms - 167[0m
[0mGET /hotel/details/js/bootstrap.min.js [33m404[0m 1.699 ms - 172[0m
[0mGET /hotel/details/js/bootstrap.min.js [33m404[0m 1.767 ms - 172[0m
[0mGET /fonts/glyphicons-halflings-regular.woff [33m404[0m 1.863 ms - 178[0m
[0mGET /fonts/glyphicons-halflings-regular.ttf [33m404[0m 0.498 ms - 177[0m
[0mGET /hotel/details/307406 [36m304[0m 14.612 ms - -[0m
[0mGET /css/bootstrap.min.css [36m304[0m 1.281 ms - -[0m
[0mGET /hotel/details/css/styles.css [33m404[0m 1.658 ms - 167[0m
[0mGET /hotel/details/js/bootstrap.min.js [33m404[0m 0.896 ms - 172[0m
[0mGET /hotel/details/js/bootstrap.min.js [33m404[0m 0.813 ms - 172[0m
[0mGET /fonts/glyphicons-halflings-regular.woff [33m404[0m 0.729 ms - 178[0m
[0mGET /fonts/glyphicons-halflings-regular.ttf [33m404[0m 0.680 ms - 177[0m
[0mGET /hotel/details/307406 [36m304[0m 5.932 ms - -[0m
[0mGET /css/bootstrap.min.css [36m304[0m 2.378 ms - -[0m
[0mGET /hotel/details/css/styles.css [33m404[0m 0.999 ms - 167[0m
[0mGET /hotel/details/js/bootstrap.min.js [33m404[0m 1.497 ms - 172[0m
[0mGET /hotel/details/js/bootstrap.min.js [33m404[0m 0.771 ms - 172[0m
[0mGET /fonts/glyphicons-halflings-regular.woff [33m404[0m 0.823 ms - 178[0m
[0mGET /fonts/glyphicons-halflings-regular.ttf [33m404[0m 0.531 ms - 177[0m
[0mGET /hotel/details/307406 [36m304[0m 7.219 ms - -[0m
[0mGET /css/bootstrap.min.css [36m304[0m 0.704 ms - -[0m
[0mGET /hotel/details/css/styles.css [33m404[0m 1.036 ms - 167[0m
[0mGET /hotel/details/js/bootstrap.min.js [33m404[0m 1.282 ms - 172[0m
[0mGET /hotel/details/js/bootstrap.min.js [33m404[0m 0.843 ms - 172[0m
[0mGET /fonts/glyphicons-halflings-regular.woff [33m404[0m 0.616 ms - 178[0m
[0mGET /fonts/glyphicons-halflings-regular.ttf [33m404[0m 1.024 ms - 177[0m
[0mGET /hotel/details/307406 [36m304[0m 5.512 ms - -[0m
[0mGET /css/bootstrap.min.css [36m304[0m 2.614 ms - -[0m
[0mGET /hotel/details/css/styles.css [33m404[0m 1.784 ms - 167[0m
[0mGET /hotel/details/js/bootstrap.min.js [33m404[0m 2.026 ms - 172[0m
[0mGET /hotel/details/js/bootstrap.min.js [33m404[0m 2.001 ms - 172[0m
[0mGET /fonts/glyphicons-halflings-regular.woff [33m404[0m 2.350 ms - 178[0m
[0mGET /fonts/glyphicons-halflings-regular.ttf [33m404[0m 1.112 ms - 177[0m
[0mGET /hotel/details/307406 [36m304[0m 5.846 ms - -[0m
[0mGET /css/bootstrap.min.css [36m304[0m 0.707 ms - -[0m
[0mGET /hotel/details/css/styles.css [33m404[0m 3.978 ms - 167[0m
[0mGET /hotel/details/js/bootstrap.min.js [33m404[0m 0.992 ms - 172[0m
[0mGET /hotel/details/js/bootstrap.min.js [33m404[0m 0.883 ms - 172[0m
[0mGET /fonts/glyphicons-halflings-regular.woff [33m404[0m 1.158 ms - 178[0m
[0mGET /fonts/glyphicons-halflings-regular.ttf [33m404[0m 1.402 ms - 177[0m
[0mGET / [36m304[0m 11.411 ms - -[0m
[0mGET /css/bootstrap.min.css [36m304[0m 0.675 ms - -[0m
[0mGET /css/styles.css [36m304[0m 1.130 ms - -[0m
[0mGET /js/bootstrap.min.js [36m304[0m 0.642 ms - -[0m
[0mGET /hotel [36m304[0m 8.900 ms - -[0m
[0mGET /css/bootstrap.min.css [36m304[0m 0.632 ms - -[0m
[0mGET /css/styles.css [36m304[0m 0.586 ms - -[0m
[0mGET /js/bootstrap.min.js [36m304[0m 0.871 ms - -[0m
[0mGET /fonts/glyphicons-halflings-regular.woff [33m404[0m 0.964 ms - 178[0m
[0mGET /fonts/glyphicons-halflings-regular.ttf [33m404[0m 0.785 ms - 177[0m
[0mGET /hotel/details/6360 [32m200[0m 5.666 ms - 5855[0m
[0mGET /css/bootstrap.min.css [36m304[0m 1.932 ms - -[0m
[0mGET /hotel/details/css/styles.css [33m404[0m 1.051 ms - 167[0m
[0mGET /hotel/details/js/bootstrap.min.js [33m404[0m 1.655 ms - 172[0m
[0mGET /hotel/details/js/bootstrap.min.js [33m404[0m 0.853 ms - 172[0m
[0mGET /fonts/glyphicons-halflings-regular.woff [33m404[0m 1.729 ms - 178[0m
[0mGET /fonts/glyphicons-halflings-regular.ttf [33m404[0m 0.714 ms - 177[0m
[0mGET / [36m304[0m 35.030 ms - -[0m
[0mGET /css/bootstrap.min.css [36m304[0m 3.150 ms - -[0m
[0mGET /css/styles.css [36m304[0m 1.010 ms - -[0m
[0mGET /js/bootstrap.min.js [36m304[0m 0.965 ms - -[0m
[0mGET /fonts/glyphicons-halflings-regular.woff [33m404[0m 2.167 ms - 178[0m
[0mGET /fonts/glyphicons-halflings-regular.ttf [33m404[0m 0.938 ms - 177[0m
[0mGET / [36m304[0m 4.633 ms - -[0m
[0mGET /css/bootstrap.min.css [36m304[0m 3.504 ms - -[0m
[0mGET /css/styles.css [36m304[0m 0.787 ms - -[0m
[0mGET /js/bootstrap.min.js [36m304[0m 0.884 ms - -[0m
[0mGET /fonts/glyphicons-halflings-regular.woff [33m404[0m 2.953 ms - 178[0m
[0mGET /fonts/glyphicons-halflings-regular.ttf [33m404[0m 1.968 ms - 177[0m
[0mGET / [36m304[0m 3.537 ms - -[0m
[0mGET /css/bootstrap.min.css [36m304[0m 1.207 ms - -[0m
[0mGET /css/styles.css [36m304[0m 1.171 ms - -[0m
[0mGET /js/bootstrap.min.js [36m304[0m 0.856 ms - -[0m
[0mGET /fonts/glyphicons-halflings-regular.woff [33m404[0m 1.184 ms - 178[0m
[0mGET /fonts/glyphicons-halflings-regular.ttf [33m404[0m 1.915 ms - 177[0m
[0mGET / [36m304[0m 2.478 ms - -[0m
[0mGET /css/bootstrap.min.css [36m304[0m 5.092 ms - -[0m
[0mGET /css/styles.css [36m304[0m 0.996 ms - -[0m
[0mGET /js/bootstrap.min.js [36m304[0m 0.569 ms - -[0m
[0mGET /fonts/glyphicons-halflings-regular.woff [33m404[0m 1.175 ms - 178[0m
[0mGET /fonts/glyphicons-halflings-regular.ttf [33m404[0m 0.773 ms - 177[0m
[0mGET / [36m304[0m 4.818 ms - -[0m
[0mGET /css/bootstrap.min.css [36m304[0m 0.843 ms - -[0m
[0mGET /css/styles.css [36m304[0m 0.921 ms - -[0m
[0mGET /js/bootstrap.min.js [36m304[0m 0.988 ms - -[0m
[0mGET /js/bootstrap.min.js [36m304[0m 0.976 ms - -[0m
[0mGET /fonts/glyphicons-halflings-regular.woff [33m404[0m 0.703 ms - 178[0m
[0mGET /fonts/glyphicons-halflings-regular.ttf [33m404[0m 0.807 ms - 177[0m
[0mGET / [36m304[0m 3.076 ms - -[0m
[0mGET /css/bootstrap.min.css [36m304[0m 1.087 ms - -[0m
[0mGET /css/styles.css [36m304[0m 0.756 ms - -[0m
[0mGET /js/bootstrap.min.js [36m304[0m 0.553 ms - -[0m
[0mGET /fonts/glyphicons-halflings-regular.woff [33m404[0m 1.329 ms - 178[0m
[0mGET /fonts/glyphicons-halflings-regular.ttf [33m404[0m 1.014 ms - 177[0m
[0mGET /CITY [32m200[0m 5.425 ms - 10407[0m
[0mGET /css/bootstrap.min.css [36m304[0m 1.213 ms - -[0m
[0mGET /css/styles.css [36m304[0m 0.931 ms - -[0m
[0mGET /js/bootstrap.min.js [36m304[0m 1.199 ms - -[0m
[0mGET /fonts/glyphicons-halflings-regular.woff [33m404[0m 1.613 ms - 178[0m
[0mGET /fonts/glyphicons-halflings-regular.ttf [33m404[0m 0.769 ms - 177[0m
[0mGET / [36m304[0m 2.897 ms - -[0m
[0mGET /css/bootstrap.min.css [36m304[0m 4.204 ms - -[0m
[0mGET /css/styles.css [36m304[0m 0.964 ms - -[0m
[0mGET /js/bootstrap.min.js [36m304[0m 0.770 ms - -[0m
[0mGET /fonts/glyphicons-halflings-regular.woff [33m404[0m 0.661 ms - 178[0m
[0mGET /fonts/glyphicons-halflings-regular.ttf [33m404[0m 0.709 ms - 177[0m
[0mGET / [36m304[0m 3.908 ms - -[0m
[0mGET /css/bootstrap.min.css [36m304[0m 0.891 ms - -[0m
[0mGET /css/styles.css [36m304[0m 0.579 ms - -[0m
[0mGET /js/bootstrap.min.js [36m304[0m 0.813 ms - -[0m
[0mGET /fonts/glyphicons-halflings-regular.woff [33m404[0m 0.906 ms - 178[0m
[0mGET /fonts/glyphicons-halflings-regular.ttf [33m404[0m 1.037 ms - 177[0m
[0mGET /hotel [36m304[0m 82.264 ms - -[0m
[0mGET /css/bootstrap.min.css [36m304[0m 0.758 ms - -[0m
[0mGET /css/styles.css [36m304[0m 0.961 ms - -[0m
[0mGET /js/bootstrap.min.js [36m304[0m 2.333 ms - -[0m
[0mGET /js/bootstrap.min.js [36m304[0m 0.926 ms - -[0m
[0mGET /fonts/glyphicons-halflings-regular.woff [33m404[0m 1.048 ms - 178[0m
[0mGET /fonts/glyphicons-halflings-regular.ttf [33m404[0m 0.941 ms - 177[0m
[0mGET /hotel/details/6360 [36m304[0m 10.289 ms - -[0m
[0mGET /css/bootstrap.min.css [36m304[0m 0.951 ms - -[0m
[0mGET /hotel/details/css/styles.css [33m404[0m 2.019 ms - 167[0m
[0mGET /hotel/details/js/bootstrap.min.js [33m404[0m 3.217 ms - 172[0m
[0mGET /hotel/details/js/bootstrap.min.js [33m404[0m 1.187 ms - 172[0m
[0mGET /fonts/glyphicons-halflings-regular.woff [33m404[0m 2.499 ms - 178[0m
[0mGET /fonts/glyphicons-halflings-regular.ttf [33m404[0m 0.838 ms - 177[0m
[0mGET / [36m304[0m 4.270 ms - -[0m
[0mGET /css/bootstrap.min.css [36m304[0m 0.941 ms - -[0m
[0mGET /css/styles.css [36m304[0m 1.894 ms - -[0m
[0mGET /js/bootstrap.min.js [36m304[0m 0.997 ms - -[0m
[0mGET /fonts/glyphicons-halflings-regular.woff [33m404[0m 1.109 ms - 178[0m
[0mGET /fonts/glyphicons-halflings-regular.ttf [33m404[0m 1.231 ms - 177[0m
[0mGET / [36m304[0m 4.323 ms - -[0m
[0mGET /css/bootstrap.min.css [36m304[0m 2.599 ms - -[0m
[0mGET /css/styles.css [36m304[0m 1.393 ms - -[0m
[0mGET /js/bootstrap.min.js [36m304[0m 0.697 ms - -[0m
[0mGET /fonts/glyphicons-halflings-regular.woff [33m404[0m 1.052 ms - 178[0m
[0mGET /fonts/glyphicons-halflings-regular.ttf [33m404[0m 0.858 ms - 177[0m
[0mGET /hotel [36m304[0m 10.255 ms - -[0m
[0mGET /css/bootstrap.min.css [36m304[0m 2.120 ms - -[0m
[0mGET /css/styles.css [36m304[0m 0.913 ms - -[0m
[0mGET /js/bootstrap.min.js [36m304[0m 1.073 ms - -[0m
[0mGET /fonts/glyphicons-halflings-regular.woff [33m404[0m 1.945 ms - 178[0m
[0mGET /fonts/glyphicons-halflings-regular.ttf [33m404[0m 1.121 ms - 177[0m
[0mGET /hotel/details/6360 [36m304[0m 8.768 ms - -[0m
[0mGET /css/bootstrap.min.css [36m304[0m 0.531 ms - -[0m
[0mGET /hotel/details/css/styles.css [33m404[0m 1.742 ms - 167[0m
[0mGET /hotel/details/js/bootstrap.min.js [33m404[0m 2.597 ms - 172[0m
[0mGET /hotel/details/js/bootstrap.min.js [33m404[0m 1.123 ms - 172[0m
[0mGET /fonts/glyphicons-halflings-regular.woff [33m404[0m 1.609 ms - 178[0m
[0mGET /fonts/glyphicons-halflings-regular.ttf [33m404[0m 0.637 ms - 177[0m
[0mGET /hotel/details/307406 [36m304[0m 6.603 ms - -[0m
[0mGET /css/bootstrap.min.css [36m304[0m 1.824 ms - -[0m
[0mGET /hotel/details/css/styles.css [33m404[0m 1.696 ms - 167[0m
[0mGET /hotel/details/js/bootstrap.min.js [33m404[0m 2.580 ms - 172[0m
[0mGET /hotel/details/js/bootstrap.min.js [33m404[0m 0.923 ms - 172[0m
[0mGET /fonts/glyphicons-halflings-regular.woff [33m404[0m 2.999 ms - 178[0m
[0mGET /fonts/glyphicons-halflings-regular.ttf [33m404[0m 1.855 ms - 177[0m
[0mGET /hotel/details/307406 [36m304[0m 8.527 ms - -[0m
[0mGET /css/bootstrap.min.css [36m304[0m 3.422 ms - -[0m
[0mGET /hotel/details/css/styles.css [33m404[0m 2.158 ms - 167[0m
[0mGET /hotel/details/js/bootstrap.min.js [33m404[0m 2.511 ms - 172[0m
[0mGET /hotel/details/js/bootstrap.min.js [33m404[0m 2.587 ms - 172[0m
[0mGET /fonts/glyphicons-halflings-regular.woff [33m404[0m 1.965 ms - 178[0m
[0mGET /fonts/glyphicons-halflings-regular.ttf [33m404[0m 1.190 ms - 177[0m
[0mGET /hotel/details/307406 [36m304[0m 5.862 ms - -[0m
[0mGET /css/bootstrap.min.css [36m304[0m 0.908 ms - -[0m
[0mGET /hotel/details/css/styles.css [33m404[0m 1.735 ms - 167[0m
[0mGET /hotel/details/js/bootstrap.min.js [33m404[0m 1.261 ms - 172[0m
[0mGET /hotel/details/js/bootstrap.min.js [33m404[0m 0.909 ms - 172[0m
[0mGET /fonts/glyphicons-halflings-regular.woff [33m404[0m 2.129 ms - 178[0m
[0mGET /fonts/glyphicons-halflings-regular.ttf [33m404[0m 1.623 ms - 177[0m
[0mGET / [36m304[0m 4.736 ms - -[0m
[0mGET /css/bootstrap.min.css [36m304[0m 1.535 ms - -[0m
[0mGET /css/styles.css [36m304[0m 0.772 ms - -[0m
[0mGET /js/bootstrap.min.js [36m304[0m 0.862 ms - -[0m
[0mGET /fonts/glyphicons-halflings-regular.woff [33m404[0m 0.706 ms - 178[0m
[0mGET /fonts/glyphicons-halflings-regular.ttf [33m404[0m 0.799 ms - 177[0m
[0mGET /hotel/details/307406 [36m304[0m 5.373 ms - -[0m
[0mGET /css/bootstrap.min.css [36m304[0m 1.993 ms - -[0m
[0mGET /hotel/details/css/styles.css [33m404[0m 3.014 ms - 167[0m
[0mGET /hotel/details/js/bootstrap.min.js [33m404[0m 3.703 ms - 172[0m
[0mGET /hotel/details/js/bootstrap.min.js [33m404[0m 1.195 ms - 172[0m
[0mGET /fonts/glyphicons-halflings-regular.woff [33m404[0m 1.504 ms - 178[0m
[0mGET /fonts/glyphicons-halflings-regular.ttf [33m404[0m 0.785 ms - 177[0m
[0mGET /hotel/details/307406 [36m304[0m 7.468 ms - -[0m
[0mGET /css/bootstrap.min.css [36m304[0m 0.556 ms - -[0m
[0mGET /hotel/details/css/styles.css [33m404[0m 1.330 ms - 167[0m
[0mGET /hotel/details/js/bootstrap.min.js [33m404[0m 1.861 ms - 172[0m
[0mGET /hotel/details/js/bootstrap.min.js [33m404[0m 0.846 ms - 172[0m
[0mGET /fonts/glyphicons-halflings-regular.woff [33m404[0m 0.863 ms - 178[0m
[0mGET /fonts/glyphicons-halflings-regular.ttf [33m404[0m 1.199 ms - 177[0m
[0mGET /hotel/details/307406 [36m304[0m 5.550 ms - -[0m
[0mGET /css/bootstrap.min.css [36m304[0m 3.549 ms - -[0m
[0mGET /hotel/details/css/styles.css [33m404[0m 0.963 ms - 167[0m
[0mGET /hotel/details/js/bootstrap.min.js [33m404[0m 1.386 ms - 172[0m
[0mGET /hotel/details/js/bootstrap.min.js [33m404[0m 1.139 ms - 172[0m
[0mGET /fonts/glyphicons-halflings-regular.woff [33m404[0m 0.971 ms - 178[0m
[0mGET /fonts/glyphicons-halflings-regular.ttf [33m404[0m 0.733 ms - 177[0m
[0mGET /hotel/details/307406 [36m304[0m 6.063 ms - -[0m
[0mGET /css/bootstrap.min.css [36m304[0m 2.085 ms - -[0m
[0mGET /hotel/details/css/styles.css [33m404[0m 1.371 ms - 167[0m
[0mGET /hotel/details/js/bootstrap.min.js [33m404[0m 1.260 ms - 172[0m
[0mGET /hotel/details/js/bootstrap.min.js [33m404[0m 0.832 ms - 172[0m
[0mGET /fonts/glyphicons-halflings-regular.woff [33m404[0m 1.258 ms - 178[0m
[0mGET /fonts/glyphicons-halflings-regular.ttf [33m404[0m 0.606 ms - 177[0m
[0mGET /hotel/details/307406 [36m304[0m 5.213 ms - -[0m
[0mGET /css/bootstrap.min.css [36m304[0m 0.545 ms - -[0m
[0mGET /hotel/details/css/styles.css [33m404[0m 2.465 ms - 167[0m
[0mGET /hotel/details/js/bootstrap.min.js [33m404[0m 1.546 ms - 172[0m
[0mGET /hotel/details/js/bootstrap.min.js [33m404[0m 0.865 ms - 172[0m
[0mGET /fonts/glyphicons-halflings-regular.woff [33m404[0m 1.950 ms - 178[0m
[0mGET /fonts/glyphicons-halflings-regular.ttf [33m404[0m 0.785 ms - 177[0m
[0mGET /hotel/details/307406 [36m304[0m 7.626 ms - -[0m
[0mGET /css/bootstrap.min.css [36m304[0m 3.613 ms - -[0m
[0mGET /hotel/details/css/styles.css [33m404[0m 2.181 ms - 167[0m
[0mGET /hotel/details/js/bootstrap.min.js [33m404[0m 3.715 ms - 172[0m
[0mGET /hotel/details/js/bootstrap.min.js [33m404[0m 1.704 ms - 172[0m
[0mGET /fonts/glyphicons-halflings-regular.woff [33m404[0m 1.998 ms - 178[0m
[0mGET /fonts/glyphicons-halflings-regular.ttf [33m404[0m 0.610 ms - 177[0m
[0mGET /hotel/details/307406 [36m304[0m 7.366 ms - -[0m
[0mGET /css/bootstrap.min.css [36m304[0m 1.324 ms - -[0m
[0mGET /hotel/details/css/styles.css [33m404[0m 2.461 ms - 167[0m
[0mGET /hotel/details/js/bootstrap.min.js [33m404[0m 2.904 ms - 172[0m
[0mGET /hotel/details/js/bootstrap.min.js [33m404[0m 1.915 ms - 172[0m
[0mGET /fonts/glyphicons-halflings-regular.woff [33m404[0m 3.310 ms - 178[0m
[0mGET /fonts/glyphicons-halflings-regular.ttf [33m404[0m 2.090 ms - 177[0m
[0mGET / [36m304[0m 41.103 ms - -[0m
[0mGET /css/bootstrap.min.css [36m304[0m 4.767 ms - -[0m
[0mGET /css/styles.css [36m304[0m 1.320 ms - -[0m
[0mGET /js/bootstrap.min.js [36m304[0m 3.646 ms - -[0m
[0mGET /fonts/glyphicons-halflings-regular.woff [33m404[0m 4.954 ms - 178[0m
[0mGET /fonts/glyphicons-halflings-regular.ttf [33m404[0m 1.585 ms - 177[0m
[0mGET /favicon.ico [33m404[0m 0.806 ms - 150[0m
[0mGET /hotel [31m501[0m 4009.398 ms - 22[0m
[0mGET /hotel [0m-[0m - ms - -[0m
[0mGET /hotel [31m501[0m 2689.738 ms - 22[0m
[0mGET / [36m304[0m 28.369 ms - -[0m
[0mGET /css/bootstrap.min.css [36m304[0m 2.393 ms - -[0m
[0mGET /css/styles.css [36m304[0m 0.804 ms - -[0m
[0mGET /js/bootstrap.min.js [36m304[0m 0.819 ms - -[0m
[0mGET /fonts/glyphicons-halflings-regular.woff [33m404[0m 2.504 ms - 178[0m
[0mGET /fonts/glyphicons-halflings-regular.ttf [33m404[0m 1.522 ms - 177[0m
[0mGET /hotel [31m501[0m 2781.505 ms - 22[0m
[0mGET /hotel [0m-[0m - ms - -[0m
[0mGET /hotel [31m501[0m 2843.013 ms - 22[0m
[0mGET / [36m304[0m 24.307 ms - -[0m
[0mGET /css/bootstrap.min.css [36m304[0m 3.635 ms - -[0m
[0mGET /css/styles.css [36m304[0m 1.591 ms - -[0m
[0mGET /js/bootstrap.min.js [36m304[0m 1.309 ms - -[0m
[0mGET /fonts/glyphicons-halflings-regular.woff [33m404[0m 2.080 ms - 178[0m
[0mGET /fonts/glyphicons-halflings-regular.ttf [33m404[0m 1.308 ms - 177[0m
[0mGET /hotel [31m501[0m 3778.015 ms - 22[0m
[0mGET / [32m200[0m 88.356 ms - 9523[0m
[0mGET /css/styles.css [36m304[0m 3.364 ms - -[0m
[0mGET /css/bootstrap.min.css [36m304[0m 0.742 ms - -[0m
[0mGET /js/bootstrap.min.js [36m304[0m 1.066 ms - -[0m
[0mGET /fonts/glyphicons-halflings-regular.woff [33m404[0m 3.754 ms - 178[0m
[0mGET /fonts/glyphicons-halflings-regular.ttf [33m404[0m 1.250 ms - 177[0m
[0mGET /favicon.ico [33m404[0m 1.088 ms - 150[0m
[0mGET /city [36m304[0m 4.345 ms - -[0m
[0mGET /css/bootstrap.min.css [36m304[0m 0.985 ms - -[0m
[0mGET /css/styles.css [36m304[0m 0.822 ms - -[0m
[0mGET /js/bootstrap.min.js [36m304[0m 0.933 ms - -[0m
[0mGET /fonts/glyphicons-halflings-regular.woff [33m404[0m 1.205 ms - 178[0m
[0mGET /fonts/glyphicons-halflings-regular.ttf [33m404[0m 1.088 ms - 177[0m
[0mGET /city [32m200[0m 5.628 ms - 10491[0m
[0mGET /css/bootstrap.min.css [36m304[0m 3.374 ms - -[0m
[0mGET /css/styles.css [36m304[0m 0.759 ms - -[0m
[0mGET /js/bootstrap.min.js [36m304[0m 0.999 ms - -[0m
[0mGET /fonts/glyphicons-halflings-regular.woff [33m404[0m 2.398 ms - 178[0m
[0mGET /fonts/glyphicons-halflings-regular.ttf [33m404[0m 0.711 ms - 177[0m
[0mGET /city/deatils/ [33m404[0m 2.557 ms - 152[0m
[0mGET /city/deatils/ [33m404[0m 1.812 ms - 152[0m
[0mGET /city/deatils/ [33m404[0m 0.940 ms - 152[0m
[0mGET /city/deatils/ [33m404[0m 1.038 ms - 152[0m
[0mGET /city/deatils/ [33m404[0m 0.941 ms - 152[0m
[0mGET /city/deatils/ [33m404[0m 1.680 ms - 152[0m
[0mGET /city/deatils/ [33m404[0m 1.272 ms - 152[0m
[0mGET /city/deatils/ [33m404[0m 1.065 ms - 152[0m
[0mGET /city/deatils/ [33m404[0m 0.685 ms - 152[0m
[0mGET /city/deatils/ [33m404[0m 1.615 ms - 152[0m
[0mGET /city [32m200[0m 5.347 ms - 10491[0m
[0mGET /css/bootstrap.min.css [36m304[0m 0.828 ms - -[0m
[0mGET /css/styles.css [36m304[0m 1.742 ms - -[0m
[0mGET /js/bootstrap.min.js [36m304[0m 0.803 ms - -[0m
[0mGET /fonts/glyphicons-halflings-regular.woff [33m404[0m 5.265 ms - 178[0m
[0mGET /fonts/glyphicons-halflings-regular.ttf [33m404[0m 1.049 ms - 177[0m
[0mGET /city [36m304[0m 4.372 ms - -[0m
[0mGET /css/bootstrap.min.css [36m304[0m 0.767 ms - -[0m
[0mGET /css/styles.css [36m304[0m 1.888 ms - -[0m
[0mGET /js/bootstrap.min.js [36m304[0m 1.212 ms - -[0m
[0mGET /fonts/glyphicons-halflings-regular.woff [33m404[0m 1.181 ms - 178[0m
[0mGET /fonts/glyphicons-halflings-regular.ttf [33m404[0m 0.923 ms - 177[0m
[0mGET /city [36m304[0m 3.073 ms - -[0m
[0mGET /css/bootstrap.min.css [36m304[0m 1.035 ms - -[0m
[0mGET /css/styles.css [36m304[0m 3.518 ms - -[0m
[0mGET /js/bootstrap.min.js [36m304[0m 1.031 ms - -[0m
[0mGET /fonts/glyphicons-halflings-regular.woff [33m404[0m 3.158 ms - 178[0m
[0mGET /fonts/glyphicons-halflings-regular.ttf [33m404[0m 0.966 ms - 177[0m
[0mGET /city/details/ [32m200[0m 1.384 ms - 12[0m
[0mGET /city/details/ [36m304[0m 1.286 ms - -[0m
[0mGET / [36m304[0m 32.174 ms - -[0m
[0mGET /css/bootstrap.min.css [36m304[0m 3.495 ms - -[0m
[0mGET /css/styles.css [36m304[0m 1.188 ms - -[0m
[0mGET /js/bootstrap.min.js [36m304[0m 1.094 ms - -[0m
[0mGET /fonts/glyphicons-halflings-regular.woff [33m404[0m 2.746 ms - 178[0m
[0mGET /fonts/glyphicons-halflings-regular.ttf [33m404[0m 1.366 ms - 177[0m
[0mGET /city [36m304[0m 5.613 ms - -[0m
[0mGET /css/bootstrap.min.css [36m304[0m 0.735 ms - -[0m
[0mGET /css/styles.css [36m304[0m 0.744 ms - -[0m
[0mGET /js/bootstrap.min.js [36m304[0m 1.426 ms - -[0m
[0mGET /css/bootstrap.min.css [36m304[0m 4.023 ms - -[0m
[0mGET /css/styles.css [36m304[0m 0.915 ms - -[0m
[0mGET /js/bootstrap.min.js [36m304[0m 0.939 ms - -[0m
[0mGET /fonts/glyphicons-halflings-regular.woff [33m404[0m 1.786 ms - 178[0m
[0mGET /fonts/glyphicons-halflings-regular.ttf [33m404[0m 0.683 ms - 177[0m
[0mGET /city/details/ [36m304[0m 1.328 ms - -[0m
[0mGET /city/details/ [36m304[0m 1.132 ms - -[0m
[0mGET /city/details/ [36m304[0m 1.064 ms - -[0m
[0mGET /city/details/ [36m304[0m 0.722 ms - -[0m
[0mGET /city/details/ [36m304[0m 1.156 ms - -[0m
[0mGET /city/details/ [36m304[0m 1.341 ms - -[0m
[0mGET /city [32m200[0m 3.528 ms - 10427[0m
[0mGET /css/bootstrap.min.css [36m304[0m 2.353 ms - -[0m
[0mGET /css/styles.css [36m304[0m 1.998 ms - -[0m
[0mGET /js/bootstrap.min.js [36m304[0m 2.093 ms - -[0m
[0mGET /fonts/glyphicons-halflings-regular.woff [33m404[0m 1.102 ms - 178[0m
[0mGET /fonts/glyphicons-halflings-regular.ttf [33m404[0m 0.845 ms - 177[0m
[0mGET /city [36m304[0m 2.657 ms - -[0m
[0mGET /css/bootstrap.min.css [36m304[0m 1.055 ms - -[0m
[0mGET /css/styles.css [36m304[0m 0.886 ms - -[0m
[0mGET /js/bootstrap.min.js [36m304[0m 1.513 ms - -[0m
[0mGET /fonts/glyphicons-halflings-regular.woff [33m404[0m 1.452 ms - 178[0m
[0mGET /fonts/glyphicons-halflings-regular.ttf [33m404[0m 1.841 ms - 177[0m
[0mGET /city/details/ [36m304[0m 0.811 ms - -[0m
[0mGET /hotel [31m501[0m 3600.530 ms - 22[0m
[0mGET /hotels [33m404[0m 0.694 ms - 145[0m
[0mGET /hotel [31m501[0m 3361.822 ms - 22[0m
[0mGET /hotel [32m200[0m 236.557 ms - 19498[0m
[0mGET /css/bootstrap.min.css [36m304[0m 3.135 ms - -[0m
[0mGET /css/styles.css [36m304[0m 1.070 ms - -[0m
[0mGET /js/bootstrap.min.js [36m304[0m 1.144 ms - -[0m
[0mGET /fonts/glyphicons-halflings-regular.woff [33m404[0m 2.955 ms - 178[0m
[0mGET /fonts/glyphicons-halflings-regular.ttf [33m404[0m 2.047 ms - 177[0m
[0mGET /hotel/deeetails/2008 [33m404[0m 1.385 ms - 159[0m
[0mGET /hotel/deeetails/2008 [33m404[0m 1.446 ms - 159[0m
[0mGET /hotel/deeetails/307406 [33m404[0m 1.152 ms - 161[0m
[0mGET / [36m304[0m 39.774 ms - -[0m
[0mGET /css/bootstrap.min.css [36m304[0m 4.115 ms - -[0m
[0mGET /css/styles.css [36m304[0m 1.297 ms - -[0m
[0mGET /js/bootstrap.min.js [36m304[0m 0.862 ms - -[0m
[0mGET /fonts/glyphicons-halflings-regular.woff [33m404[0m 2.143 ms - 178[0m
[0mGET /fonts/glyphicons-halflings-regular.ttf [33m404[0m 1.081 ms - 177[0m
[0mGET /city [36m304[0m 4.839 ms - -[0m
[0mGET /css/bootstrap.min.css [36m304[0m 1.065 ms - -[0m
[0mGET /css/styles.css [36m304[0m 0.973 ms - -[0m
[0mGET /js/bootstrap.min.js [36m304[0m 0.893 ms - -[0m
[0mGET /css/bootstrap.min.css [36m304[0m 4.188 ms - -[0m
[0mGET /css/styles.css [36m304[0m 1.100 ms - -[0m
[0mGET /js/bootstrap.min.js [36m304[0m 0.801 ms - -[0m
[0mGET /fonts/glyphicons-halflings-regular.woff [33m404[0m 1.311 ms - 178[0m
[0mGET /fonts/glyphicons-halflings-regular.ttf [33m404[0m 0.742 ms - 177[0m
[0mGET / [36m304[0m 4.571 ms - -[0m
[0mGET /css/bootstrap.min.css [36m304[0m 1.657 ms - -[0m
[0mGET /css/styles.css [36m304[0m 1.440 ms - -[0m
[0mGET /js/bootstrap.min.js [36m304[0m 0.709 ms - -[0m
[0mGET /fonts/glyphicons-halflings-regular.woff [33m404[0m 1.394 ms - 178[0m
[0mGET /fonts/glyphicons-halflings-regular.ttf [33m404[0m 0.920 ms - 177[0m
[0mGET /hotel [32m200[0m 125.338 ms - 19468[0m
[0mGET /css/bootstrap.min.css [36m304[0m 1.069 ms - -[0m
[0mGET /css/styles.css [36m304[0m 1.273 ms - -[0m
[0mGET /js/bootstrap.min.js [36m304[0m 0.804 ms - -[0m
[0mGET /js/bootstrap.min.js [36m304[0m 1.086 ms - -[0m
[0mGET /fonts/glyphicons-halflings-regular.woff [33m404[0m 0.955 ms - 178[0m
[0mGET /fonts/glyphicons-halflings-regular.ttf [33m404[0m 0.971 ms - 177[0m
[0mGET /hotel/details/6360 [36m304[0m 9.023 ms - -[0m
[0mGET /css/bootstrap.min.css [36m304[0m 4.322 ms - -[0m
[0mGET /hotel/details/js/bootstrap.min.js [33m404[0m 5.532 ms - 172[0m
[0mGET /hotel/details/css/styles.css [33m404[0m 7.011 ms - 167[0m
[0mGET /hotel/details/js/bootstrap.min.js [33m404[0m 2.442 ms - 172[0m
[0mGET /fonts/glyphicons-halflings-regular.woff [33m404[0m 2.307 ms - 178[0m
[0mGET /fonts/glyphicons-halflings-regular.ttf [33m404[0m 0.910 ms - 177[0m
[0mGET /city [36m304[0m 3.676 ms - -[0m
[0mGET /css/bootstrap.min.css [36m304[0m 1.906 ms - -[0m
[0mGET /css/styles.css [36m304[0m 0.664 ms - -[0m
[0mGET /js/bootstrap.min.js [36m304[0m 0.716 ms - -[0m
[0mGET /fonts/glyphicons-halflings-regular.woff [33m404[0m 0.619 ms - 178[0m
[0mGET /fonts/glyphicons-halflings-regular.ttf [33m404[0m 0.683 ms - 177[0m
[0mGET /city/details/ [36m304[0m 1.811 ms - -[0m
[0mGET /city [36m304[0m 5.641 ms - -[0m
[0mGET /css/bootstrap.min.css [36m304[0m 1.315 ms - -[0m
[0mGET /css/styles.css [36m304[0m 1.713 ms - -[0m
[0mGET /js/bootstrap.min.js [36m304[0m 0.778 ms - -[0m
[0mGET /fonts/glyphicons-halflings-regular.woff [33m404[0m 1.286 ms - 178[0m
[0mGET /fonts/glyphicons-halflings-regular.ttf [33m404[0m 1.039 ms - 177[0m
[0mGET /city/details/ [36m304[0m 0.911 ms - -[0m
[0mGET /city/details/1 [33m404[0m 2.214 ms - 153[0m
[0mGET /city/details/ [36m304[0m 0.818 ms - -[0m
[0mGET /city/details/ [36m304[0m 1.162 ms - -[0m
[0mGET / [36m304[0m 37.968 ms - -[0m
[0mGET /css/bootstrap.min.css [36m304[0m 3.771 ms - -[0m
[0mGET /css/styles.css [36m304[0m 3.893 ms - -[0m
[0mGET /js/bootstrap.min.js [36m304[0m 1.061 ms - -[0m
[0mGET /fonts/glyphicons-halflings-regular.woff [33m404[0m 3.349 ms - 178[0m
[0mGET /fonts/glyphicons-halflings-regular.ttf [33m404[0m 1.309 ms - 177[0m
[0mGET /city [32m200[0m 8.042 ms - 10437[0m
[0mGET /css/bootstrap.min.css [36m304[0m 0.814 ms - -[0m
[0mGET /css/styles.css [36m304[0m 1.181 ms - -[0m
[0mGET /js/bootstrap.min.js [36m304[0m 0.836 ms - -[0m
[0mGET /css/bootstrap.min.css [36m304[0m 1.819 ms - -[0m
[0mGET /css/styles.css [36m304[0m 1.882 ms - -[0m
[0mGET /js/bootstrap.min.js [36m304[0m 0.834 ms - -[0m
[0mGET /fonts/glyphicons-halflings-regular.woff [33m404[0m 1.121 ms - 178[0m
[0mGET /fonts/glyphicons-halflings-regular.ttf [33m404[0m 0.732 ms - 177[0m
[0mGET /city/details/3 [33m404[0m 3.153 ms - 153[0m
[0mGET /city/details/280 [33m404[0m 2.059 ms - 155[0m
[0mGET /city/details/3 [33m404[0m 1.350 ms - 153[0m
[0mGET /city [36m304[0m 28.013 ms - -[0m
[0mGET /css/bootstrap.min.css [36m304[0m 5.575 ms - -[0m
[0mGET /css/styles.css [36m304[0m 1.233 ms - -[0m
[0mGET /js/bootstrap.min.js [36m304[0m 0.788 ms - -[0m
[0mGET /fonts/glyphicons-halflings-regular.woff [33m404[0m 3.528 ms - 178[0m
[0mGET /fonts/glyphicons-halflings-regular.ttf [33m404[0m 1.228 ms - 177[0m
[0mGET /city/details/1 [31m500[0m 5.429 ms - 1583[0m
[0mGET /city/details/1 [31m500[0m 18.218 ms - 1583[0m
